{"/Users/rskwiat/projects/wedding-website/src/App.js": {"path":"/Users/rskwiat/projects/wedding-website/src/App.js","statementMap":{"0":{"start":{"line":20,"column":0},"end":{"line":24,"column":3}},"1":{"start":{"line":26,"column":12},"end":{"line":44,"column":1}},"2":{"start":{"line":27,"column":2},"end":{"line":43,"column":11}},"3":{"start":{"line":31,"column":51},"end":{"line":31,"column":84}},"4":{"start":{"line":32,"column":52},"end":{"line":32,"column":91}},"5":{"start":{"line":33,"column":53},"end":{"line":33,"column":94}},"6":{"start":{"line":34,"column":49},"end":{"line":34,"column":82}},"7":{"start":{"line":35,"column":59},"end":{"line":35,"column":98}}},"fnMap":{"0":{"name":"(anonymous_0)","decl":{"start":{"line":26,"column":12},"end":{"line":26,"column":13}},"loc":{"start":{"line":27,"column":2},"end":{"line":43,"column":11}},"line":27},"1":{"name":"(anonymous_1)","decl":{"start":{"line":31,"column":40},"end":{"line":31,"column":41}},"loc":{"start":{"line":31,"column":51},"end":{"line":31,"column":84}},"line":31},"2":{"name":"(anonymous_2)","decl":{"start":{"line":32,"column":41},"end":{"line":32,"column":42}},"loc":{"start":{"line":32,"column":52},"end":{"line":32,"column":91}},"line":32},"3":{"name":"(anonymous_3)","decl":{"start":{"line":33,"column":42},"end":{"line":33,"column":43}},"loc":{"start":{"line":33,"column":53},"end":{"line":33,"column":94}},"line":33},"4":{"name":"(anonymous_4)","decl":{"start":{"line":34,"column":38},"end":{"line":34,"column":39}},"loc":{"start":{"line":34,"column":49},"end":{"line":34,"column":82}},"line":34},"5":{"name":"(anonymous_5)","decl":{"start":{"line":35,"column":48},"end":{"line":35,"column":49}},"loc":{"start":{"line":35,"column":59},"end":{"line":35,"column":98}},"line":35}},"branchMap":{},"s":{"0":1,"1":1,"2":1,"3":0,"4":0,"5":0,"6":0,"7":0},"f":{"0":1,"1":0,"2":0,"3":0,"4":0,"5":0},"b":{},"_coverageSchema":"332fd63041d2c1bcb487cc26dd0d5f7d97098a6c","hash":"34741ad89b320d08ed34c50f19c047ab206e9fd3"}
,"/Users/rskwiat/projects/wedding-website/src/actions/index.js": {"path":"/Users/rskwiat/projects/wedding-website/src/actions/index.js","statementMap":{"0":{"start":{"line":7,"column":29},"end":{"line":15,"column":1}},"1":{"start":{"line":7,"column":35},"end":{"line":15,"column":1}},"2":{"start":{"line":8,"column":14},"end":{"line":8,"column":61}},"3":{"start":{"line":9,"column":15},"end":{"line":9,"column":31}},"4":{"start":{"line":11,"column":2},"end":{"line":14,"column":5}},"5":{"start":{"line":17,"column":26},"end":{"line":24,"column":1}},"6":{"start":{"line":17,"column":32},"end":{"line":24,"column":1}},"7":{"start":{"line":18,"column":14},"end":{"line":18,"column":58}},"8":{"start":{"line":19,"column":15},"end":{"line":19,"column":31}},"9":{"start":{"line":20,"column":2},"end":{"line":23,"column":5}},"10":{"start":{"line":26,"column":26},"end":{"line":39,"column":1}},"11":{"start":{"line":26,"column":36},"end":{"line":39,"column":1}},"12":{"start":{"line":27,"column":2},"end":{"line":38,"column":5}},"13":{"start":{"line":35,"column":4},"end":{"line":37,"column":7}}},"fnMap":{"0":{"name":"(anonymous_0)","decl":{"start":{"line":7,"column":29},"end":{"line":7,"column":30}},"loc":{"start":{"line":7,"column":35},"end":{"line":15,"column":1}},"line":7},"1":{"name":"(anonymous_1)","decl":{"start":{"line":7,"column":35},"end":{"line":7,"column":36}},"loc":{"start":{"line":7,"column":55},"end":{"line":15,"column":1}},"line":7},"2":{"name":"(anonymous_2)","decl":{"start":{"line":17,"column":26},"end":{"line":17,"column":27}},"loc":{"start":{"line":17,"column":32},"end":{"line":24,"column":1}},"line":17},"3":{"name":"(anonymous_3)","decl":{"start":{"line":17,"column":32},"end":{"line":17,"column":33}},"loc":{"start":{"line":17,"column":52},"end":{"line":24,"column":1}},"line":17},"4":{"name":"(anonymous_4)","decl":{"start":{"line":26,"column":26},"end":{"line":26,"column":27}},"loc":{"start":{"line":26,"column":36},"end":{"line":39,"column":1}},"line":26},"5":{"name":"(anonymous_5)","decl":{"start":{"line":26,"column":36},"end":{"line":26,"column":37}},"loc":{"start":{"line":26,"column":50},"end":{"line":39,"column":1}},"line":26},"6":{"name":"(anonymous_6)","decl":{"start":{"line":34,"column":10},"end":{"line":34,"column":11}},"loc":{"start":{"line":34,"column":24},"end":{"line":38,"column":3}},"line":34}},"branchMap":{},"s":{"0":1,"1":0,"2":0,"3":0,"4":0,"5":1,"6":0,"7":0,"8":0,"9":0,"10":1,"11":0,"12":0,"13":0},"f":{"0":0,"1":0,"2":0,"3":0,"4":0,"5":0,"6":0},"b":{},"_coverageSchema":"332fd63041d2c1bcb487cc26dd0d5f7d97098a6c","hash":"cf08550305561e0181d1f78d64da56799028a9d3"}
,"/Users/rskwiat/projects/wedding-website/src/actions/types.js": {"path":"/Users/rskwiat/projects/wedding-website/src/actions/types.js","statementMap":{"0":{"start":{"line":1,"column":30},"end":{"line":1,"column":46}},"1":{"start":{"line":2,"column":27},"end":{"line":2,"column":40}},"2":{"start":{"line":3,"column":27},"end":{"line":3,"column":40}}},"fnMap":{},"branchMap":{},"s":{"0":1,"1":1,"2":1},"f":{},"b":{},"_coverageSchema":"332fd63041d2c1bcb487cc26dd0d5f7d97098a6c","hash":"a8df1f959c56d3be4f86e17ea010d09fc9d50d31"}
,"/Users/rskwiat/projects/wedding-website/src/components/accommodations.js": {"path":"/Users/rskwiat/projects/wedding-website/src/components/accommodations.js","statementMap":{"0":{"start":{"line":8,"column":23},"end":{"line":50,"column":1}},"1":{"start":{"line":10,"column":14},"end":{"line":10,"column":120}},"2":{"start":{"line":12,"column":2},"end":{"line":49,"column":4}}},"fnMap":{"0":{"name":"(anonymous_0)","decl":{"start":{"line":8,"column":23},"end":{"line":8,"column":24}},"loc":{"start":{"line":8,"column":49},"end":{"line":50,"column":1}},"line":8}},"branchMap":{},"s":{"0":1,"1":0,"2":0},"f":{"0":0},"b":{},"_coverageSchema":"332fd63041d2c1bcb487cc26dd0d5f7d97098a6c","hash":"33517ec65131a04cecc569628593c3fc5bda0c7c"}
,"/Users/rskwiat/projects/wedding-website/src/components/button.js": {"path":"/Users/rskwiat/projects/wedding-website/src/components/button.js","statementMap":{"0":{"start":{"line":4,"column":15},"end":{"line":13,"column":1}},"1":{"start":{"line":5,"column":2},"end":{"line":12,"column":6}},"2":{"start":{"line":16,"column":0},"end":{"line":19,"column":2}}},"fnMap":{"0":{"name":"(anonymous_0)","decl":{"start":{"line":4,"column":15},"end":{"line":4,"column":16}},"loc":{"start":{"line":5,"column":2},"end":{"line":12,"column":6}},"line":5}},"branchMap":{},"s":{"0":1,"1":0,"2":1},"f":{"0":0},"b":{},"_coverageSchema":"332fd63041d2c1bcb487cc26dd0d5f7d97098a6c","hash":"7bc803de5e248320ddb8adad3dc4f18868a71a0e"}
,"/Users/rskwiat/projects/wedding-website/src/components/footer.js": {"path":"/Users/rskwiat/projects/wedding-website/src/components/footer.js","statementMap":{"0":{"start":{"line":4,"column":15},"end":{"line":12,"column":1}},"1":{"start":{"line":5,"column":2},"end":{"line":11,"column":11}},"2":{"start":{"line":14,"column":0},"end":{"line":18,"column":2}}},"fnMap":{"0":{"name":"(anonymous_0)","decl":{"start":{"line":4,"column":15},"end":{"line":4,"column":16}},"loc":{"start":{"line":5,"column":2},"end":{"line":11,"column":11}},"line":5}},"branchMap":{},"s":{"0":1,"1":0,"2":1},"f":{"0":0},"b":{},"_coverageSchema":"332fd63041d2c1bcb487cc26dd0d5f7d97098a6c","hash":"2d27030239ea52b1c3251d76b0d17e4a24261559"}
,"/Users/rskwiat/projects/wedding-website/src/components/form.js": {"path":"/Users/rskwiat/projects/wedding-website/src/components/form.js","statementMap":{"0":{"start":{"line":14,"column":4},"end":{"line":14,"column":17}},"1":{"start":{"line":16,"column":4},"end":{"line":24,"column":6}},"2":{"start":{"line":26,"column":4},"end":{"line":26,"column":47}},"3":{"start":{"line":27,"column":4},"end":{"line":27,"column":51}},"4":{"start":{"line":28,"column":4},"end":{"line":28,"column":57}},"5":{"start":{"line":29,"column":4},"end":{"line":29,"column":51}},"6":{"start":{"line":30,"column":4},"end":{"line":30,"column":49}},"7":{"start":{"line":31,"column":4},"end":{"line":31,"column":47}},"8":{"start":{"line":35,"column":4},"end":{"line":35,"column":46}},"9":{"start":{"line":39,"column":4},"end":{"line":39,"column":56}},"10":{"start":{"line":43,"column":4},"end":{"line":45,"column":5}},"11":{"start":{"line":44,"column":6},"end":{"line":44,"column":37}},"12":{"start":{"line":46,"column":4},"end":{"line":46,"column":55}},"13":{"start":{"line":51,"column":23},"end":{"line":51,"column":176}},"14":{"start":{"line":52,"column":19},"end":{"line":52,"column":58}},"15":{"start":{"line":53,"column":4},"end":{"line":57,"column":5}},"16":{"start":{"line":54,"column":6},"end":{"line":54,"column":80}},"17":{"start":{"line":56,"column":6},"end":{"line":56,"column":46}},"18":{"start":{"line":61,"column":4},"end":{"line":66,"column":7}},"19":{"start":{"line":70,"column":4},"end":{"line":70,"column":23}},"20":{"start":{"line":72,"column":23},"end":{"line":72,"column":33}},"21":{"start":{"line":74,"column":4},"end":{"line":80,"column":5}},"22":{"start":{"line":75,"column":6},"end":{"line":75,"column":45}},"23":{"start":{"line":77,"column":6},"end":{"line":77,"column":40}},"24":{"start":{"line":78,"column":6},"end":{"line":78,"column":23}},"25":{"start":{"line":79,"column":6},"end":{"line":79,"column":49}},"26":{"start":{"line":84,"column":4},"end":{"line":117,"column":6}}},"fnMap":{"0":{"name":"(anonymous_0)","decl":{"start":{"line":13,"column":2},"end":{"line":13,"column":3}},"loc":{"start":{"line":13,"column":21},"end":{"line":32,"column":3}},"line":13},"1":{"name":"(anonymous_1)","decl":{"start":{"line":34,"column":2},"end":{"line":34,"column":3}},"loc":{"start":{"line":34,"column":17},"end":{"line":36,"column":3}},"line":34},"2":{"name":"(anonymous_2)","decl":{"start":{"line":38,"column":2},"end":{"line":38,"column":3}},"loc":{"start":{"line":38,"column":20},"end":{"line":40,"column":3}},"line":38},"3":{"name":"(anonymous_3)","decl":{"start":{"line":42,"column":2},"end":{"line":42,"column":3}},"loc":{"start":{"line":42,"column":17},"end":{"line":47,"column":3}},"line":42},"4":{"name":"(anonymous_4)","decl":{"start":{"line":50,"column":2},"end":{"line":50,"column":3}},"loc":{"start":{"line":50,"column":22},"end":{"line":58,"column":3}},"line":50},"5":{"name":"(anonymous_5)","decl":{"start":{"line":60,"column":2},"end":{"line":60,"column":3}},"loc":{"start":{"line":60,"column":14},"end":{"line":67,"column":3}},"line":60},"6":{"name":"(anonymous_6)","decl":{"start":{"line":69,"column":2},"end":{"line":69,"column":3}},"loc":{"start":{"line":69,"column":16},"end":{"line":81,"column":3}},"line":69},"7":{"name":"(anonymous_7)","decl":{"start":{"line":83,"column":2},"end":{"line":83,"column":3}},"loc":{"start":{"line":83,"column":11},"end":{"line":118,"column":3}},"line":83}},"branchMap":{"0":{"loc":{"start":{"line":43,"column":4},"end":{"line":45,"column":5}},"type":"if","locations":[{"start":{"line":43,"column":4},"end":{"line":45,"column":5}},{"start":{"line":43,"column":4},"end":{"line":45,"column":5}}],"line":43},"1":{"loc":{"start":{"line":53,"column":4},"end":{"line":57,"column":5}},"type":"if","locations":[{"start":{"line":53,"column":4},"end":{"line":57,"column":5}},{"start":{"line":53,"column":4},"end":{"line":57,"column":5}}],"line":53},"2":{"loc":{"start":{"line":74,"column":4},"end":{"line":80,"column":5}},"type":"if","locations":[{"start":{"line":74,"column":4},"end":{"line":80,"column":5}},{"start":{"line":74,"column":4},"end":{"line":80,"column":5}}],"line":74}},"s":{"0":0,"1":0,"2":0,"3":0,"4":0,"5":0,"6":0,"7":0,"8":0,"9":0,"10":0,"11":0,"12":0,"13":0,"14":0,"15":0,"16":0,"17":0,"18":0,"19":0,"20":0,"21":0,"22":0,"23":0,"24":0,"25":0,"26":0},"f":{"0":0,"1":0,"2":0,"3":0,"4":0,"5":0,"6":0,"7":0},"b":{"0":[0,0],"1":[0,0],"2":[0,0]},"_coverageSchema":"332fd63041d2c1bcb487cc26dd0d5f7d97098a6c","hash":"0d2318aae7eb0c980cd8c7dae8f7d73f511a0887"}
,"/Users/rskwiat/projects/wedding-website/src/components/map.js": {"path":"/Users/rskwiat/projects/wedding-website/src/components/map.js","statementMap":{"0":{"start":{"line":11,"column":22},"end":{"line":33,"column":2}},"1":{"start":{"line":12,"column":2},"end":{"line":32,"column":14}},"2":{"start":{"line":35,"column":0},"end":{"line":37,"column":2}}},"fnMap":{"0":{"name":"(anonymous_0)","decl":{"start":{"line":11,"column":49},"end":{"line":11,"column":50}},"loc":{"start":{"line":12,"column":2},"end":{"line":32,"column":14}},"line":12}},"branchMap":{"0":{"loc":{"start":{"line":16,"column":5},"end":{"line":30,"column":13}},"type":"binary-expr","locations":[{"start":{"line":16,"column":5},"end":{"line":16,"column":24}},{"start":{"line":17,"column":6},"end":{"line":30,"column":13}}],"line":16}},"s":{"0":1,"1":0,"2":1},"f":{"0":0},"b":{"0":[0,0]},"_coverageSchema":"332fd63041d2c1bcb487cc26dd0d5f7d97098a6c","hash":"f792447ce2f5d114f504295f20ea72d35bc5207a"}
,"/Users/rskwiat/projects/wedding-website/src/components/navigation.js": {"path":"/Users/rskwiat/projects/wedding-website/src/components/navigation.js","statementMap":{"0":{"start":{"line":4,"column":12},"end":{"line":21,"column":1}},"1":{"start":{"line":23,"column":19},"end":{"line":31,"column":1}},"2":{"start":{"line":24,"column":2},"end":{"line":30,"column":8}},"3":{"start":{"line":27,"column":10},"end":{"line":27,"column":74}}},"fnMap":{"0":{"name":"(anonymous_0)","decl":{"start":{"line":23,"column":19},"end":{"line":23,"column":20}},"loc":{"start":{"line":24,"column":2},"end":{"line":30,"column":8}},"line":24},"1":{"name":"(anonymous_1)","decl":{"start":{"line":26,"column":17},"end":{"line":26,"column":18}},"loc":{"start":{"line":26,"column":38},"end":{"line":28,"column":9}},"line":26}},"branchMap":{},"s":{"0":2,"1":2,"2":1,"3":4},"f":{"0":1,"1":4},"b":{},"_coverageSchema":"332fd63041d2c1bcb487cc26dd0d5f7d97098a6c","hash":"30e5e89b21c8b6756ec8fe3f044f9a010f291164"}
,"/Users/rskwiat/projects/wedding-website/src/components/navigationLink.js": {"path":"/Users/rskwiat/projects/wedding-website/src/components/navigationLink.js","statementMap":{"0":{"start":{"line":5,"column":16},"end":{"line":9,"column":1}},"1":{"start":{"line":6,"column":2},"end":{"line":8,"column":7}},"2":{"start":{"line":11,"column":0},"end":{"line":15,"column":2}}},"fnMap":{"0":{"name":"(anonymous_0)","decl":{"start":{"line":5,"column":16},"end":{"line":5,"column":17}},"loc":{"start":{"line":6,"column":2},"end":{"line":8,"column":7}},"line":6}},"branchMap":{},"s":{"0":3,"1":1,"2":3},"f":{"0":1},"b":{},"_coverageSchema":"332fd63041d2c1bcb487cc26dd0d5f7d97098a6c","hash":"228313f12beecebd95129b84c3db82dfa233236c"}
,"/Users/rskwiat/projects/wedding-website/src/components/page-header.js": {"path":"/Users/rskwiat/projects/wedding-website/src/components/page-header.js","statementMap":{"0":{"start":{"line":4,"column":19},"end":{"line":9,"column":1}},"1":{"start":{"line":5,"column":2},"end":{"line":8,"column":11}},"2":{"start":{"line":11,"column":0},"end":{"line":15,"column":2}}},"fnMap":{"0":{"name":"(anonymous_0)","decl":{"start":{"line":4,"column":19},"end":{"line":4,"column":20}},"loc":{"start":{"line":5,"column":2},"end":{"line":8,"column":11}},"line":5}},"branchMap":{},"s":{"0":1,"1":0,"2":1},"f":{"0":0},"b":{},"_coverageSchema":"332fd63041d2c1bcb487cc26dd0d5f7d97098a6c","hash":"9e3c738b2cc757d412882e5b746fe19043c0c9f1"}
,"/Users/rskwiat/projects/wedding-website/src/components/registry-card.js": {"path":"/Users/rskwiat/projects/wedding-website/src/components/registry-card.js","statementMap":{"0":{"start":{"line":5,"column":21},"end":{"line":14,"column":1}},"1":{"start":{"line":6,"column":2},"end":{"line":13,"column":8}},"2":{"start":{"line":16,"column":0},"end":{"line":20,"column":2}}},"fnMap":{"0":{"name":"(anonymous_0)","decl":{"start":{"line":5,"column":21},"end":{"line":5,"column":22}},"loc":{"start":{"line":6,"column":2},"end":{"line":13,"column":8}},"line":6}},"branchMap":{},"s":{"0":1,"1":0,"2":1},"f":{"0":0},"b":{},"_coverageSchema":"332fd63041d2c1bcb487cc26dd0d5f7d97098a6c","hash":"28f97f2b707db31786f9d8340906a00e4ec7fedd"}
,"/Users/rskwiat/projects/wedding-website/src/components/form/checkbox.js": {"path":"/Users/rskwiat/projects/wedding-website/src/components/form/checkbox.js","statementMap":{"0":{"start":{"line":4,"column":17},"end":{"line":14,"column":1}},"1":{"start":{"line":5,"column":2},"end":{"line":13,"column":13}},"2":{"start":{"line":16,"column":0},"end":{"line":20,"column":2}}},"fnMap":{"0":{"name":"(anonymous_0)","decl":{"start":{"line":4,"column":17},"end":{"line":4,"column":18}},"loc":{"start":{"line":5,"column":2},"end":{"line":13,"column":13}},"line":5}},"branchMap":{},"s":{"0":1,"1":0,"2":1},"f":{"0":0},"b":{},"_coverageSchema":"332fd63041d2c1bcb487cc26dd0d5f7d97098a6c","hash":"cafd1cb60a1893b118b4b7ee54ab08ea9342d87c"}
,"/Users/rskwiat/projects/wedding-website/src/components/form/inputs.js": {"path":"/Users/rskwiat/projects/wedding-website/src/components/form/inputs.js","statementMap":{"0":{"start":{"line":4,"column":15},"end":{"line":16,"column":1}},"1":{"start":{"line":5,"column":2},"end":{"line":15,"column":13}},"2":{"start":{"line":18,"column":0},"end":{"line":24,"column":2}}},"fnMap":{"0":{"name":"(anonymous_0)","decl":{"start":{"line":4,"column":15},"end":{"line":4,"column":16}},"loc":{"start":{"line":5,"column":2},"end":{"line":15,"column":13}},"line":5}},"branchMap":{"0":{"loc":{"start":{"line":14,"column":5},"end":{"line":14,"column":58}},"type":"binary-expr","locations":[{"start":{"line":14,"column":5},"end":{"line":14,"column":11}},{"start":{"line":14,"column":15},"end":{"line":14,"column":58}}],"line":14}},"s":{"0":1,"1":0,"2":1},"f":{"0":0},"b":{"0":[0,0]},"_coverageSchema":"332fd63041d2c1bcb487cc26dd0d5f7d97098a6c","hash":"c9f9506669d06891685b5d9051f1e2af3395dd2e"}
,"/Users/rskwiat/projects/wedding-website/src/components/form/radio.js": {"path":"/Users/rskwiat/projects/wedding-website/src/components/form/radio.js","statementMap":{"0":{"start":{"line":4,"column":14},"end":{"line":9,"column":1}},"1":{"start":{"line":5,"column":2},"end":{"line":8,"column":13}},"2":{"start":{"line":11,"column":0},"end":{"line":15,"column":2}}},"fnMap":{"0":{"name":"(anonymous_0)","decl":{"start":{"line":4,"column":14},"end":{"line":4,"column":15}},"loc":{"start":{"line":5,"column":2},"end":{"line":8,"column":13}},"line":5}},"branchMap":{},"s":{"0":1,"1":0,"2":1},"f":{"0":0},"b":{},"_coverageSchema":"332fd63041d2c1bcb487cc26dd0d5f7d97098a6c","hash":"9e989308c6190546f239060edd60473152b60e9a"}
,"/Users/rskwiat/projects/wedding-website/src/config/settings.js": {"path":"/Users/rskwiat/projects/wedding-website/src/config/settings.js","statementMap":{"0":{"start":{"line":1,"column":0},"end":{"line":3,"column":2}}},"fnMap":{},"branchMap":{},"s":{"0":1},"f":{},"b":{},"_coverageSchema":"332fd63041d2c1bcb487cc26dd0d5f7d97098a6c","hash":"088f695351cebaba1091f3e568b2b49e1f28d1a8"}
,"/Users/rskwiat/projects/wedding-website/src/reducers/createStore.js": {"path":"/Users/rskwiat/projects/wedding-website/src/reducers/createStore.js","statementMap":{"0":{"start":{"line":1,"column":13},"end":{"line":1,"column":70}},"1":{"start":{"line":1,"column":81},"end":{"line":1,"column":97}},"2":{"start":{"line":3,"column":16},"end":{"line":3,"column":38}},"3":{"start":{"line":3,"column":56},"end":{"line":3,"column":91}},"4":{"start":{"line":4,"column":17},"end":{"line":4,"column":40}},"5":{"start":{"line":6,"column":6},"end":{"line":6,"column":19}},"6":{"start":{"line":6,"column":27},"end":{"line":6,"column":52}},"7":{"start":{"line":6,"column":90},"end":{"line":6,"column":135}},"8":{"start":{"line":8,"column":15},"end":{"line":8,"column":37}},"9":{"start":{"line":9,"column":0},"end":{"line":11,"column":1}},"10":{"start":{"line":10,"column":0},"end":{"line":10,"column":49}},"11":{"start":{"line":13,"column":10},"end":{"line":14,"column":54}},"12":{"start":{"line":14,"column":55},"end":{"line":17,"column":6}}},"fnMap":{"0":{"name":"_interopRequireDefault","decl":{"start":{"line":6,"column":62},"end":{"line":6,"column":84}},"loc":{"start":{"line":6,"column":89},"end":{"line":6,"column":136}},"line":6}},"branchMap":{"0":{"loc":{"start":{"line":6,"column":97},"end":{"line":6,"column":134}},"type":"cond-expr","locations":[{"start":{"line":6,"column":117},"end":{"line":6,"column":120}},{"start":{"line":6,"column":121},"end":{"line":6,"column":134}}],"line":6},"1":{"loc":{"start":{"line":6,"column":97},"end":{"line":6,"column":116}},"type":"binary-expr","locations":[{"start":{"line":6,"column":97},"end":{"line":6,"column":100}},{"start":{"line":6,"column":102},"end":{"line":6,"column":116}}],"line":6},"2":{"loc":{"start":{"line":9,"column":0},"end":{"line":11,"column":1}},"type":"if","locations":[{"start":{"line":9,"column":0},"end":{"line":11,"column":1}},{"start":{"line":9,"column":0},"end":{"line":11,"column":1}}],"line":9}},"s":{"0":0,"1":0,"2":0,"3":0,"4":0,"5":0,"6":0,"7":0,"8":0,"9":0,"10":0,"11":0,"12":0},"f":{"0":0},"b":{"0":[0,0],"1":[0,0],"2":[0,0]}}
,"/Users/rskwiat/projects/wedding-website/src/reducers/index.js": {"path":"/Users/rskwiat/projects/wedding-website/src/reducers/index.js","statementMap":{"0":{"start":{"line":1,"column":13},"end":{"line":1,"column":70}},"1":{"start":{"line":1,"column":81},"end":{"line":1,"column":97}},"2":{"start":{"line":2,"column":21},"end":{"line":2,"column":49}},"3":{"start":{"line":2,"column":72},"end":{"line":2,"column":112}},"4":{"start":{"line":3,"column":18},"end":{"line":3,"column":43}},"5":{"start":{"line":3,"column":63},"end":{"line":3,"column":100}},"6":{"start":{"line":3,"column":138},"end":{"line":3,"column":183}},"7":{"start":{"line":5,"column":16},"end":{"line":7,"column":30}},"8":{"start":{"line":7,"column":31},"end":{"line":10,"column":12}}},"fnMap":{"0":{"name":"_interopRequireDefault","decl":{"start":{"line":3,"column":110},"end":{"line":3,"column":132}},"loc":{"start":{"line":3,"column":137},"end":{"line":3,"column":184}},"line":3}},"branchMap":{"0":{"loc":{"start":{"line":3,"column":145},"end":{"line":3,"column":182}},"type":"cond-expr","locations":[{"start":{"line":3,"column":165},"end":{"line":3,"column":168}},{"start":{"line":3,"column":169},"end":{"line":3,"column":182}}],"line":3},"1":{"loc":{"start":{"line":3,"column":145},"end":{"line":3,"column":164}},"type":"binary-expr","locations":[{"start":{"line":3,"column":145},"end":{"line":3,"column":148}},{"start":{"line":3,"column":150},"end":{"line":3,"column":164}}],"line":3}},"s":{"0":0,"1":0,"2":0,"3":0,"4":0,"5":0,"6":0,"7":0,"8":0},"f":{"0":0},"b":{"0":[0,0],"1":[0,0]}}
,"/Users/rskwiat/projects/wedding-website/src/reducers/locationReducer.js": {"path":"/Users/rskwiat/projects/wedding-website/src/reducers/locationReducer.js","statementMap":{"0":{"start":{"line":1,"column":13},"end":{"line":1,"column":70}},"1":{"start":{"line":1,"column":81},"end":{"line":1,"column":108}},"2":{"start":{"line":5,"column":15},"end":{"line":6,"column":12}},"3":{"start":{"line":6,"column":13},"end":{"line":16,"column":2}},"4":{"start":{"line":9,"column":21},"end":{"line":9,"column":89}},"5":{"start":{"line":9,"column":101},"end":{"line":9,"column":113}},"6":{"start":{"line":10,"column":0},"end":{"line":14,"column":14}},"7":{"start":{"line":12,"column":0},"end":{"line":12,"column":22}},"8":{"start":{"line":14,"column":0},"end":{"line":14,"column":13}}},"fnMap":{"0":{"name":"(anonymous_0)","decl":{"start":{"line":9,"column":0},"end":{"line":9,"column":1}},"loc":{"start":{"line":9,"column":10},"end":{"line":16,"column":1}},"line":9}},"branchMap":{"0":{"loc":{"start":{"line":9,"column":21},"end":{"line":9,"column":89}},"type":"cond-expr","locations":[{"start":{"line":9,"column":66},"end":{"line":9,"column":78}},{"start":{"line":9,"column":79},"end":{"line":9,"column":89}}],"line":9},"1":{"loc":{"start":{"line":9,"column":21},"end":{"line":9,"column":65}},"type":"binary-expr","locations":[{"start":{"line":9,"column":21},"end":{"line":9,"column":39}},{"start":{"line":9,"column":41},"end":{"line":9,"column":65}}],"line":9},"2":{"loc":{"start":{"line":10,"column":0},"end":{"line":14,"column":14}},"type":"switch","locations":[{"start":{"line":11,"column":0},"end":{"line":12,"column":22}},{"start":{"line":13,"column":0},"end":{"line":14,"column":13}}],"line":10}},"s":{"0":0,"1":0,"2":0,"3":0,"4":0,"5":0,"6":0,"7":0,"8":0},"f":{"0":0},"b":{"0":[0,0],"1":[0,0],"2":[0,0]}}
,"/Users/rskwiat/projects/wedding-website/src/reducers/storyReducer.js": {"path":"/Users/rskwiat/projects/wedding-website/src/reducers/storyReducer.js","statementMap":{"0":{"start":{"line":1,"column":13},"end":{"line":1,"column":70}},"1":{"start":{"line":1,"column":81},"end":{"line":1,"column":108}},"2":{"start":{"line":5,"column":15},"end":{"line":6,"column":9}},"3":{"start":{"line":6,"column":10},"end":{"line":16,"column":2}},"4":{"start":{"line":9,"column":21},"end":{"line":9,"column":89}},"5":{"start":{"line":9,"column":101},"end":{"line":9,"column":113}},"6":{"start":{"line":10,"column":0},"end":{"line":14,"column":14}},"7":{"start":{"line":12,"column":0},"end":{"line":12,"column":22}},"8":{"start":{"line":14,"column":0},"end":{"line":14,"column":13}}},"fnMap":{"0":{"name":"(anonymous_0)","decl":{"start":{"line":9,"column":0},"end":{"line":9,"column":1}},"loc":{"start":{"line":9,"column":10},"end":{"line":16,"column":1}},"line":9}},"branchMap":{"0":{"loc":{"start":{"line":9,"column":21},"end":{"line":9,"column":89}},"type":"cond-expr","locations":[{"start":{"line":9,"column":66},"end":{"line":9,"column":78}},{"start":{"line":9,"column":79},"end":{"line":9,"column":89}}],"line":9},"1":{"loc":{"start":{"line":9,"column":21},"end":{"line":9,"column":65}},"type":"binary-expr","locations":[{"start":{"line":9,"column":21},"end":{"line":9,"column":39}},{"start":{"line":9,"column":41},"end":{"line":9,"column":65}}],"line":9},"2":{"loc":{"start":{"line":10,"column":0},"end":{"line":14,"column":14}},"type":"switch","locations":[{"start":{"line":11,"column":0},"end":{"line":12,"column":22}},{"start":{"line":13,"column":0},"end":{"line":14,"column":13}}],"line":10}},"s":{"0":0,"1":0,"2":0,"3":0,"4":0,"5":0,"6":0,"7":0,"8":0},"f":{"0":0},"b":{"0":[0,0],"1":[0,0],"2":[0,0]}}
,"/Users/rskwiat/projects/wedding-website/src/views/home.js": {"path":"/Users/rskwiat/projects/wedding-website/src/views/home.js","statementMap":{"0":{"start":{"line":9,"column":4},"end":{"line":9,"column":28}},"1":{"start":{"line":10,"column":4},"end":{"line":10,"column":31}},"2":{"start":{"line":14,"column":29},"end":{"line":14,"column":45}},"3":{"start":{"line":15,"column":4},"end":{"line":22,"column":6}},"4":{"start":{"line":26,"column":46},"end":{"line":26,"column":65}},"5":{"start":{"line":27,"column":4},"end":{"line":38,"column":6}},"6":{"start":{"line":43,"column":4},"end":{"line":48,"column":6}},"7":{"start":{"line":54,"column":2},"end":{"line":57,"column":3}},"8":{"start":{"line":60,"column":0},"end":{"line":71,"column":2}}},"fnMap":{"0":{"name":"(anonymous_0)","decl":{"start":{"line":8,"column":2},"end":{"line":8,"column":3}},"loc":{"start":{"line":8,"column":22},"end":{"line":11,"column":3}},"line":8},"1":{"name":"(anonymous_1)","decl":{"start":{"line":13,"column":2},"end":{"line":13,"column":3}},"loc":{"start":{"line":13,"column":19},"end":{"line":23,"column":3}},"line":13},"2":{"name":"(anonymous_2)","decl":{"start":{"line":25,"column":2},"end":{"line":25,"column":3}},"loc":{"start":{"line":25,"column":22},"end":{"line":39,"column":3}},"line":25},"3":{"name":"(anonymous_3)","decl":{"start":{"line":42,"column":2},"end":{"line":42,"column":3}},"loc":{"start":{"line":42,"column":11},"end":{"line":49,"column":3}},"line":42},"4":{"name":"mapStateToProps","decl":{"start":{"line":53,"column":9},"end":{"line":53,"column":24}},"loc":{"start":{"line":53,"column":32},"end":{"line":58,"column":1}},"line":53}},"branchMap":{},"s":{"0":0,"1":0,"2":0,"3":0,"4":0,"5":0,"6":0,"7":0,"8":1},"f":{"0":0,"1":0,"2":0,"3":0,"4":0},"b":{},"_coverageSchema":"332fd63041d2c1bcb487cc26dd0d5f7d97098a6c","hash":"671198882fff82ac659184bf2345249625468e60"}
,"/Users/rskwiat/projects/wedding-website/src/views/registry.js": {"path":"/Users/rskwiat/projects/wedding-website/src/views/registry.js","statementMap":{"0":{"start":{"line":16,"column":25},"end":{"line":16,"column":35}},"1":{"start":{"line":17,"column":4},"end":{"line":19,"column":5}},"2":{"start":{"line":18,"column":6},"end":{"line":18,"column":33}},"3":{"start":{"line":24,"column":34},"end":{"line":24,"column":53}},"4":{"start":{"line":26,"column":4},"end":{"line":50,"column":6}},"5":{"start":{"line":56,"column":2},"end":{"line":58,"column":4}},"6":{"start":{"line":62,"column":0},"end":{"line":69,"column":2}}},"fnMap":{"0":{"name":"(anonymous_0)","decl":{"start":{"line":15,"column":2},"end":{"line":15,"column":3}},"loc":{"start":{"line":15,"column":22},"end":{"line":20,"column":3}},"line":15},"1":{"name":"(anonymous_1)","decl":{"start":{"line":22,"column":2},"end":{"line":22,"column":3}},"loc":{"start":{"line":22,"column":11},"end":{"line":51,"column":3}},"line":22},"2":{"name":"mapStateToProps","decl":{"start":{"line":55,"column":9},"end":{"line":55,"column":24}},"loc":{"start":{"line":55,"column":32},"end":{"line":59,"column":1}},"line":55}},"branchMap":{"0":{"loc":{"start":{"line":17,"column":4},"end":{"line":19,"column":5}},"type":"if","locations":[{"start":{"line":17,"column":4},"end":{"line":19,"column":5}},{"start":{"line":17,"column":4},"end":{"line":19,"column":5}}],"line":17}},"s":{"0":0,"1":0,"2":0,"3":0,"4":0,"5":0,"6":1},"f":{"0":0,"1":0,"2":0},"b":{"0":[0,0]},"_coverageSchema":"332fd63041d2c1bcb487cc26dd0d5f7d97098a6c","hash":"0b85c7e5d3a6656131ef41063697782f8371d835"}
,"/Users/rskwiat/projects/wedding-website/src/views/rsvp.js": {"path":"/Users/rskwiat/projects/wedding-website/src/views/rsvp.js","statementMap":{"0":{"start":{"line":13,"column":25},"end":{"line":13,"column":35}},"1":{"start":{"line":14,"column":4},"end":{"line":16,"column":5}},"2":{"start":{"line":15,"column":6},"end":{"line":15,"column":33}},"3":{"start":{"line":20,"column":34},"end":{"line":20,"column":53}},"4":{"start":{"line":22,"column":4},"end":{"line":31,"column":6}},"5":{"start":{"line":37,"column":2},"end":{"line":39,"column":4}}},"fnMap":{"0":{"name":"(anonymous_0)","decl":{"start":{"line":12,"column":2},"end":{"line":12,"column":3}},"loc":{"start":{"line":12,"column":22},"end":{"line":17,"column":3}},"line":12},"1":{"name":"(anonymous_1)","decl":{"start":{"line":19,"column":2},"end":{"line":19,"column":3}},"loc":{"start":{"line":19,"column":11},"end":{"line":33,"column":3}},"line":19},"2":{"name":"mapStateToProps","decl":{"start":{"line":36,"column":9},"end":{"line":36,"column":24}},"loc":{"start":{"line":36,"column":32},"end":{"line":40,"column":1}},"line":36}},"branchMap":{"0":{"loc":{"start":{"line":14,"column":4},"end":{"line":16,"column":5}},"type":"if","locations":[{"start":{"line":14,"column":4},"end":{"line":16,"column":5}},{"start":{"line":14,"column":4},"end":{"line":16,"column":5}}],"line":14}},"s":{"0":0,"1":0,"2":0,"3":0,"4":0,"5":0},"f":{"0":0,"1":0,"2":0},"b":{"0":[0,0]},"_coverageSchema":"332fd63041d2c1bcb487cc26dd0d5f7d97098a6c","hash":"c807751e70596933d51e64d51ebf8267a137ee46"}
,"/Users/rskwiat/projects/wedding-website/src/views/thankyou.js": {"path":"/Users/rskwiat/projects/wedding-website/src/views/thankyou.js","statementMap":{"0":{"start":{"line":5,"column":17},"end":{"line":17,"column":1}},"1":{"start":{"line":6,"column":2},"end":{"line":16,"column":8}},"2":{"start":{"line":19,"column":0},"end":{"line":21,"column":2}}},"fnMap":{"0":{"name":"(anonymous_0)","decl":{"start":{"line":5,"column":17},"end":{"line":5,"column":18}},"loc":{"start":{"line":6,"column":2},"end":{"line":16,"column":8}},"line":6}},"branchMap":{},"s":{"0":1,"1":0,"2":1},"f":{"0":0},"b":{},"_coverageSchema":"332fd63041d2c1bcb487cc26dd0d5f7d97098a6c","hash":"eec9acc22341a30dba7cb0fee5b914112bf901bb"}
,"/Users/rskwiat/projects/wedding-website/src/views/wedding.js": {"path":"/Users/rskwiat/projects/wedding-website/src/views/wedding.js","statementMap":{"0":{"start":{"line":13,"column":25},"end":{"line":13,"column":35}},"1":{"start":{"line":14,"column":4},"end":{"line":16,"column":5}},"2":{"start":{"line":15,"column":6},"end":{"line":15,"column":33}},"3":{"start":{"line":20,"column":34},"end":{"line":20,"column":53}},"4":{"start":{"line":22,"column":4},"end":{"line":34,"column":6}},"5":{"start":{"line":39,"column":2},"end":{"line":41,"column":3}},"6":{"start":{"line":45,"column":0},"end":{"line":48,"column":2}}},"fnMap":{"0":{"name":"(anonymous_0)","decl":{"start":{"line":12,"column":2},"end":{"line":12,"column":3}},"loc":{"start":{"line":12,"column":22},"end":{"line":17,"column":3}},"line":12},"1":{"name":"(anonymous_1)","decl":{"start":{"line":19,"column":2},"end":{"line":19,"column":3}},"loc":{"start":{"line":19,"column":11},"end":{"line":35,"column":3}},"line":19},"2":{"name":"mapStateToProps","decl":{"start":{"line":38,"column":9},"end":{"line":38,"column":24}},"loc":{"start":{"line":38,"column":32},"end":{"line":42,"column":1}},"line":38}},"branchMap":{"0":{"loc":{"start":{"line":14,"column":4},"end":{"line":16,"column":5}},"type":"if","locations":[{"start":{"line":14,"column":4},"end":{"line":16,"column":5}},{"start":{"line":14,"column":4},"end":{"line":16,"column":5}}],"line":14}},"s":{"0":0,"1":0,"2":0,"3":0,"4":0,"5":0,"6":1},"f":{"0":0,"1":0,"2":0},"b":{"0":[0,0]},"_coverageSchema":"332fd63041d2c1bcb487cc26dd0d5f7d97098a6c","hash":"a5e077b26a2eddefa30e3dc1cb020a0a0c67f7cd"}
}
